2015-01-10T05:02:19+00:00 DEBUG (7): TH:1
2015-01-10T05:02:19+00:00 DEBUG (7): result=
2015-01-10T05:02:19+00:00 DEBUG (7): Array
(
    [tmp_name] => /tmp/php0dMzYl
    [name] => 50off.jpg
    [path] => /var/www/viettuong.dev/local/magento/media/banner
    [file] => 50off_6.jpg
)

2015-01-10T05:02:19+00:00 DEBUG (7): TH:2
2015-01-10T05:02:19+00:00 DEBUG (7): result=
2015-01-10T05:02:19+00:00 DEBUG (7): Array
(
    [tmp_name] => /tmp/phpPOLN9r
    [name] => 50off.jpg
    [path] => /var/www/viettuong.dev/local/magento/media/banner
    [file] => 50off_7.jpg
)

2015-01-11T04:39:31+00:00 DEBUG (7): TH:1
2015-01-11T04:39:31+00:00 DEBUG (7): result=
2015-01-11T04:39:31+00:00 DEBUG (7): Array
(
    [tmp_name] => /tmp/phpg8bJBd
    [name] => 50off.jpg
    [path] => /var/www/viettuong.dev/local/magento/media/banner
    [file] => 50off_8.jpg
)

2015-01-11T04:39:31+00:00 DEBUG (7): TH:2
2015-01-11T04:39:31+00:00 DEBUG (7): result=
2015-01-11T04:39:31+00:00 DEBUG (7): Array
(
    [tmp_name] => /tmp/php5GjFg2
    [name] => 50off.jpg
    [path] => /var/www/viettuong.dev/local/magento/media/banner
    [file] => 50off_9.jpg
)

2015-01-11T04:41:45+00:00 DEBUG (7): TH:1
2015-01-11T04:41:45+00:00 DEBUG (7): result=
2015-01-11T04:41:45+00:00 DEBUG (7): Array
(
    [tmp_name] => /tmp/phpWSOS25
    [name] => 50off.jpg
    [path] => /var/www/viettuong.dev/local/magento/media/banner
    [file] => 50off.jpg
)

2015-01-11T04:41:45+00:00 DEBUG (7): TH:2
2015-01-11T04:41:45+00:00 DEBUG (7): result=
2015-01-11T04:41:45+00:00 DEBUG (7): Array
(
    [tmp_name] => /tmp/phpFT6Y8M
    [name] => 50off.jpg
    [path] => /var/www/viettuong.dev/local/magento/media/banner
    [file] => 50off_1.jpg
)

2015-01-11T04:42:27+00:00 DEBUG (7): TH:1
2015-01-11T04:42:27+00:00 DEBUG (7): result=
2015-01-11T04:42:27+00:00 DEBUG (7): Array
(
    [tmp_name] => /tmp/phpKtdMnO
    [name] => 50off.jpg
    [path] => /var/www/viettuong.dev/local/magento/media/banner
    [file] => 50off_2.jpg
)

2015-01-11T04:42:27+00:00 DEBUG (7): TH:2
2015-01-11T04:42:27+00:00 DEBUG (7): result=
2015-01-11T04:42:27+00:00 DEBUG (7): Array
(
    [tmp_name] => /tmp/phpKBMLOd
    [name] => 50off.jpg
    [path] => /var/www/viettuong.dev/local/magento/media/banner
    [file] => 50off_3.jpg
)

2015-01-11T04:45:18+00:00 DEBUG (7): TH:1
2015-01-11T04:45:18+00:00 DEBUG (7): TH:2
2015-01-11T04:45:30+00:00 DEBUG (7): frontend -begin
2015-01-11T04:45:30+00:00 DEBUG (7): Array
(
)

2015-01-11T04:45:30+00:00 DEBUG (7): frontend -end
2015-01-11T04:57:21+00:00 DEBUG (7): frontend -begin
2015-01-11T04:57:21+00:00 DEBUG (7): Array
(
)

2015-01-11T04:57:21+00:00 DEBUG (7): frontend -end
2015-01-11T04:57:42+00:00 DEBUG (7): frontend -begin
2015-01-11T04:57:42+00:00 DEBUG (7): Array
(
)

2015-01-11T04:57:42+00:00 DEBUG (7): frontend -end
2015-01-11T04:57:57+00:00 DEBUG (7): frontend -begin
2015-01-11T04:57:57+00:00 DEBUG (7): Array
(
)

2015-01-11T04:57:57+00:00 DEBUG (7): frontend -end
2015-01-11T05:59:24+00:00 DEBUG (7): frontend -begin
2015-01-11T05:59:24+00:00 DEBUG (7): Array
(
)

2015-01-11T05:59:24+00:00 DEBUG (7): frontend -end
2015-01-11T06:12:32+00:00 DEBUG (7): frontend -begin
2015-01-11T06:12:32+00:00 DEBUG (7): Array
(
)

2015-01-11T06:12:32+00:00 DEBUG (7): frontend -end
2015-01-11T06:13:05+00:00 DEBUG (7): frontend -begin
2015-01-11T06:13:05+00:00 DEBUG (7): Array
(
)

2015-01-11T06:13:05+00:00 DEBUG (7): frontend -end
2015-01-11T06:15:17+00:00 DEBUG (7): frontend -begin
2015-01-11T06:15:17+00:00 DEBUG (7): Array
(
)

2015-01-11T06:15:17+00:00 DEBUG (7): frontend -end
2015-01-11T06:15:24+00:00 DEBUG (7): frontend -begin
2015-01-11T06:15:24+00:00 DEBUG (7): Array
(
)

2015-01-11T06:15:24+00:00 DEBUG (7): frontend -end
2015-01-11T06:17:13+00:00 DEBUG (7): frontend -begin
2015-01-11T06:17:13+00:00 DEBUG (7): Array
(
)

2015-01-11T06:17:13+00:00 DEBUG (7): frontend -end
2015-01-11T06:18:31+00:00 DEBUG (7): frontend -begin
2015-01-11T06:18:31+00:00 DEBUG (7): Array
(
)

2015-01-11T06:18:31+00:00 DEBUG (7): frontend -end
2015-01-11T06:31:40+00:00 DEBUG (7): frontend -begin
2015-01-11T06:31:40+00:00 DEBUG (7): Array
(
)

2015-01-11T06:31:40+00:00 DEBUG (7): frontend -end
2015-01-11T06:31:41+00:00 DEBUG (7): frontend -begin
2015-01-11T06:31:41+00:00 DEBUG (7): Array
(
)

2015-01-11T06:31:41+00:00 DEBUG (7): frontend -end
2015-01-11T06:31:42+00:00 DEBUG (7): frontend -begin
2015-01-11T06:31:42+00:00 DEBUG (7): Array
(
)

2015-01-11T06:31:42+00:00 DEBUG (7): frontend -end
2015-01-11T06:31:42+00:00 DEBUG (7): frontend -begin
2015-01-11T06:31:42+00:00 DEBUG (7): Array
(
)

2015-01-11T06:31:42+00:00 DEBUG (7): frontend -end
2015-01-11T06:32:15+00:00 DEBUG (7): frontend -begin
2015-01-11T06:32:15+00:00 DEBUG (7): Array
(
)

2015-01-11T06:32:15+00:00 DEBUG (7): frontend -end
2015-01-11T06:32:16+00:00 DEBUG (7): frontend -begin
2015-01-11T06:32:16+00:00 DEBUG (7): Array
(
)

2015-01-11T06:32:16+00:00 DEBUG (7): frontend -end
2015-01-11T06:32:17+00:00 DEBUG (7): frontend -begin
2015-01-11T06:32:17+00:00 DEBUG (7): Array
(
)

2015-01-11T06:32:17+00:00 DEBUG (7): frontend -end
2015-01-11T06:32:17+00:00 DEBUG (7): frontend -begin
2015-01-11T06:32:17+00:00 DEBUG (7): Array
(
)

2015-01-11T06:32:17+00:00 DEBUG (7): frontend -end
2015-01-11T06:36:14+00:00 DEBUG (7): frontend -begin
2015-01-11T06:36:14+00:00 DEBUG (7): Array
(
)

2015-01-11T06:36:14+00:00 DEBUG (7): frontend -end
2015-01-11T06:36:57+00:00 DEBUG (7): frontend -begin
2015-01-11T06:36:57+00:00 DEBUG (7): Array
(
)

2015-01-11T06:36:57+00:00 DEBUG (7): frontend -end
2015-01-11T06:39:16+00:00 DEBUG (7): frontend -begin
2015-01-11T06:39:16+00:00 DEBUG (7): Array
(
)

2015-01-11T06:39:16+00:00 DEBUG (7): frontend -end
2015-01-11T06:40:28+00:00 DEBUG (7): frontend -begin
2015-01-11T06:40:28+00:00 DEBUG (7): Array
(
)

2015-01-11T06:40:28+00:00 DEBUG (7): frontend -end
2015-01-11T06:41:41+00:00 DEBUG (7): frontend -begin
2015-01-11T06:41:41+00:00 DEBUG (7): Array
(
)

2015-01-11T06:41:41+00:00 DEBUG (7): frontend -end
2015-01-11T06:41:51+00:00 DEBUG (7): frontend -begin
2015-01-11T06:41:51+00:00 DEBUG (7): Array
(
)

2015-01-11T06:41:51+00:00 DEBUG (7): frontend -end
2015-01-11T09:09:28+00:00 DEBUG (7): frontend -begin
2015-01-11T09:09:28+00:00 DEBUG (7): Array
(
)

2015-01-11T09:09:28+00:00 DEBUG (7): frontend -end
2015-01-11T09:11:24+00:00 DEBUG (7): frontend -begin
2015-01-11T09:11:24+00:00 DEBUG (7): Array
(
)

2015-01-11T09:11:24+00:00 DEBUG (7): frontend -end
2015-01-11T09:16:42+00:00 DEBUG (7): frontend -begin
2015-01-11T09:16:42+00:00 DEBUG (7): Array
(
)

2015-01-11T09:16:42+00:00 DEBUG (7): frontend -end
2015-01-11T09:19:16+00:00 DEBUG (7): frontend -begin
2015-01-11T09:19:16+00:00 DEBUG (7): Array
(
)

2015-01-11T09:19:16+00:00 DEBUG (7): frontend -end
2015-01-11T09:21:21+00:00 DEBUG (7): TH:1
2015-01-11T09:21:21+00:00 DEBUG (7): TH:2
2015-01-11T09:21:28+00:00 DEBUG (7): frontend -begin
2015-01-11T09:21:28+00:00 DEBUG (7): Array
(
    [utm_medium] => cpc
    [utm_campaign] => *
    [utm_term] => *
    [utm_source] => *
)

2015-01-11T09:21:28+00:00 DEBUG (7): frontend -end
2015-01-11T09:21:35+00:00 DEBUG (7): frontend -begin
2015-01-11T09:21:35+00:00 DEBUG (7): Array
(
    [utm_medium] => cpc
    [utm_campaign] => *
    [utm_term] => *
    [utm_source] => *
)

2015-01-11T09:21:35+00:00 DEBUG (7): frontend -end
2015-01-11T09:23:18+00:00 DEBUG (7): frontend -begin
2015-01-11T09:23:18+00:00 DEBUG (7): Array
(
    [utm_medium] => cpc
    [utm_campaign] => *
    [utm_term] => *
    [utm_source] => *
)

2015-01-11T09:23:18+00:00 DEBUG (7): frontend -end
2015-01-11T09:23:29+00:00 DEBUG (7): frontend -begin
2015-01-11T09:23:29+00:00 DEBUG (7): Array
(
    [utm_medium] => cpc
    [utm_campaign] => *
    [utm_term] => *
    [utm_source] => *
)

2015-01-11T09:23:29+00:00 DEBUG (7): frontend -end
2015-01-12T01:44:38+00:00 DEBUG (7): frontend -begin
2015-01-12T01:44:38+00:00 DEBUG (7): Array
(
)

2015-01-12T01:44:38+00:00 DEBUG (7): frontend -end
2015-01-12T01:52:58+00:00 DEBUG (7): frontend -begin
2015-01-12T01:52:58+00:00 DEBUG (7): Array
(
)

2015-01-12T01:52:58+00:00 DEBUG (7): frontend -end
2015-01-12T02:00:55+00:00 DEBUG (7): frontend -begin
2015-01-12T02:00:55+00:00 DEBUG (7): Array
(
)

2015-01-12T02:00:55+00:00 DEBUG (7): frontend -end
2015-01-12T02:07:21+00:00 DEBUG (7): frontend -begin
2015-01-12T02:07:21+00:00 DEBUG (7): Array
(
)

2015-01-12T02:07:21+00:00 DEBUG (7): frontend -end
2015-01-12T02:16:41+00:00 DEBUG (7): frontend -begin
2015-01-12T02:16:41+00:00 DEBUG (7): Array
(
)

2015-01-12T02:16:41+00:00 DEBUG (7): frontend -end
2015-01-12T02:16:56+00:00 DEBUG (7): frontend -begin
2015-01-12T02:16:56+00:00 DEBUG (7): Array
(
)

2015-01-12T02:16:56+00:00 DEBUG (7): frontend -end
2015-01-12T02:17:20+00:00 DEBUG (7): frontend -begin
2015-01-12T02:17:20+00:00 DEBUG (7): Array
(
)

2015-01-12T02:17:20+00:00 DEBUG (7): frontend -end
2015-01-12T02:18:32+00:00 DEBUG (7): frontend -begin
2015-01-12T02:18:32+00:00 DEBUG (7): Array
(
)

2015-01-12T02:18:32+00:00 DEBUG (7): frontend -end
2015-01-12T02:18:39+00:00 DEBUG (7): frontend -begin
2015-01-12T02:18:39+00:00 DEBUG (7): Array
(
)

2015-01-12T02:18:39+00:00 DEBUG (7): frontend -end
2015-01-12T02:21:14+00:00 DEBUG (7): frontend -begin
2015-01-12T02:21:14+00:00 DEBUG (7): Array
(
)

2015-01-12T02:21:14+00:00 DEBUG (7): frontend -end
2015-01-12T02:22:03+00:00 DEBUG (7): frontend -begin
2015-01-12T02:22:03+00:00 DEBUG (7): Array
(
)

2015-01-12T02:22:03+00:00 DEBUG (7): frontend -end
2015-01-12T02:23:54+00:00 DEBUG (7): frontend -begin
2015-01-12T02:23:54+00:00 DEBUG (7): Array
(
    [utm_medium] => cpc
    [utm_campaign] => *
    [utm_term] => *
    [utm_source] => *
)

2015-01-12T02:23:54+00:00 DEBUG (7): frontend -end
2015-01-12T02:25:17+00:00 DEBUG (7): frontend -begin
2015-01-12T02:25:17+00:00 DEBUG (7): Array
(
    [utm_medium] => cpc
    [utm_campaign] => *
    [utm_term] => *
    [utm_source] => *
)

2015-01-12T02:25:17+00:00 DEBUG (7): frontend -end
2015-01-12T02:25:33+00:00 DEBUG (7): frontend -begin
2015-01-12T02:25:33+00:00 DEBUG (7): Array
(
    [utm_medium] => cpc
    [utm_campaign] => *
    [utm_term] => *
    [utm_source] => *
)

2015-01-12T02:25:33+00:00 DEBUG (7): frontend -end
2015-01-12T02:26:25+00:00 DEBUG (7): TH:1
2015-01-12T02:26:25+00:00 DEBUG (7): TH:2
2015-01-12T02:26:33+00:00 DEBUG (7): frontend -begin
2015-01-12T02:26:33+00:00 DEBUG (7): Array
(
)

2015-01-12T02:26:33+00:00 DEBUG (7): frontend -end
2015-01-12T02:26:43+00:00 DEBUG (7): frontend -begin
2015-01-12T02:26:43+00:00 DEBUG (7): Array
(
)

2015-01-12T02:26:43+00:00 DEBUG (7): frontend -end
2015-01-12T03:00:19+00:00 DEBUG (7): frontend -begin
2015-01-12T03:00:19+00:00 DEBUG (7): Array
(
)

2015-01-12T03:00:19+00:00 DEBUG (7): frontend -end
2015-01-12T03:03:02+00:00 DEBUG (7): frontend -begin
2015-01-12T03:03:02+00:00 DEBUG (7): Array
(
)

2015-01-12T03:03:02+00:00 DEBUG (7): frontend -end
2015-01-12T03:08:10+00:00 DEBUG (7): frontend -begin
2015-01-12T03:08:10+00:00 DEBUG (7): Array
(
)

2015-01-12T03:08:10+00:00 DEBUG (7): frontend -end
2015-01-12T03:09:58+00:00 DEBUG (7): frontend -begin
2015-01-12T03:09:58+00:00 DEBUG (7): Array
(
)

2015-01-12T03:09:58+00:00 DEBUG (7): frontend -end
2015-01-12T03:12:59+00:00 DEBUG (7): frontend -begin
2015-01-12T03:12:59+00:00 DEBUG (7): Array
(
)

2015-01-12T03:12:59+00:00 DEBUG (7): frontend -end
2015-01-12T03:13:03+00:00 DEBUG (7): frontend -begin
2015-01-12T03:13:03+00:00 DEBUG (7): Array
(
)

2015-01-12T03:13:03+00:00 DEBUG (7): frontend -end
2015-01-12T03:13:04+00:00 DEBUG (7): frontend -begin
2015-01-12T03:13:04+00:00 DEBUG (7): Array
(
)

2015-01-12T03:13:04+00:00 DEBUG (7): frontend -end
2015-01-12T03:13:05+00:00 DEBUG (7): frontend -begin
2015-01-12T03:13:05+00:00 DEBUG (7): Array
(
)

2015-01-12T03:13:05+00:00 DEBUG (7): frontend -end
2015-01-12T03:14:50+00:00 DEBUG (7): frontend -begin
2015-01-12T03:14:50+00:00 DEBUG (7): Array
(
)

2015-01-12T03:14:50+00:00 DEBUG (7): frontend -end
2015-01-12T03:14:52+00:00 DEBUG (7): frontend -begin
2015-01-12T03:14:52+00:00 DEBUG (7): Array
(
)

2015-01-12T03:14:52+00:00 DEBUG (7): frontend -end
2015-01-12T03:14:53+00:00 DEBUG (7): frontend -begin
2015-01-12T03:14:53+00:00 DEBUG (7): Array
(
)

2015-01-12T03:14:53+00:00 DEBUG (7): frontend -end
2015-01-12T03:14:54+00:00 DEBUG (7): frontend -begin
2015-01-12T03:14:54+00:00 DEBUG (7): Array
(
)

2015-01-12T03:14:54+00:00 DEBUG (7): frontend -end
2015-01-12T03:15:05+00:00 DEBUG (7): frontend -begin
2015-01-12T03:15:05+00:00 DEBUG (7): Array
(
)

2015-01-12T03:15:05+00:00 DEBUG (7): frontend -end
2015-01-12T03:15:06+00:00 DEBUG (7): frontend -begin
2015-01-12T03:15:06+00:00 DEBUG (7): Array
(
)

2015-01-12T03:15:06+00:00 DEBUG (7): frontend -end
2015-01-12T03:15:07+00:00 DEBUG (7): frontend -begin
2015-01-12T03:15:07+00:00 DEBUG (7): Array
(
)

2015-01-12T03:15:07+00:00 DEBUG (7): frontend -end
2015-01-12T03:15:08+00:00 DEBUG (7): frontend -begin
2015-01-12T03:15:08+00:00 DEBUG (7): Array
(
)

2015-01-12T03:15:08+00:00 DEBUG (7): frontend -end
2015-01-12T03:17:57+00:00 DEBUG (7): frontend -begin
2015-01-12T03:17:57+00:00 DEBUG (7): Array
(
)

2015-01-12T03:17:57+00:00 DEBUG (7): frontend -end
2015-01-12T03:17:58+00:00 DEBUG (7): frontend -begin
2015-01-12T03:17:58+00:00 DEBUG (7): Array
(
)

2015-01-12T03:17:58+00:00 DEBUG (7): frontend -end
2015-01-12T03:20:53+00:00 DEBUG (7): frontend -begin
2015-01-12T03:20:53+00:00 DEBUG (7): Array
(
)

2015-01-12T03:21:11+00:00 DEBUG (7): frontend -begin
2015-01-12T03:21:11+00:00 DEBUG (7): Array
(
)

2015-01-12T03:22:17+00:00 DEBUG (7): frontend -begin
2015-01-12T03:22:17+00:00 DEBUG (7): Array
(
)

2015-01-12T03:24:17+00:00 DEBUG (7): frontend -begin
2015-01-12T03:24:17+00:00 DEBUG (7): Array
(
)

2015-01-12T03:24:17+00:00 DEBUG (7): frontend -end
2015-01-12T03:24:19+00:00 DEBUG (7): frontend -begin
2015-01-12T03:24:19+00:00 DEBUG (7): Array
(
)

2015-01-12T03:24:19+00:00 DEBUG (7): frontend -end
2015-01-12T03:24:20+00:00 DEBUG (7): frontend -begin
2015-01-12T03:24:20+00:00 DEBUG (7): Array
(
)

2015-01-12T03:24:20+00:00 DEBUG (7): frontend -end
2015-01-12T03:24:20+00:00 DEBUG (7): frontend -begin
2015-01-12T03:24:20+00:00 DEBUG (7): Array
(
)

2015-01-12T03:24:20+00:00 DEBUG (7): frontend -end
2015-01-12T03:24:57+00:00 DEBUG (7): frontend -begin
2015-01-12T03:24:57+00:00 DEBUG (7): Array
(
)

2015-01-12T03:24:57+00:00 DEBUG (7): frontend -end
2015-01-12T03:25:44+00:00 DEBUG (7): frontend -begin
2015-01-12T03:25:44+00:00 DEBUG (7): Array
(
)

2015-01-12T03:25:44+00:00 DEBUG (7): frontend -end
2015-01-12T03:27:05+00:00 DEBUG (7): frontend -begin
2015-01-12T03:27:05+00:00 DEBUG (7): Array
(
)

2015-01-12T03:27:05+00:00 DEBUG (7): frontend -end
2015-01-12T03:28:58+00:00 DEBUG (7): frontend -begin
2015-01-12T03:28:58+00:00 DEBUG (7): Array
(
)

2015-01-12T03:28:58+00:00 DEBUG (7): frontend -end
2015-01-12T03:29:50+00:00 DEBUG (7): frontend -begin
2015-01-12T03:29:50+00:00 DEBUG (7): Array
(
)

2015-01-12T03:29:50+00:00 DEBUG (7): frontend -end
2015-01-12T03:31:24+00:00 DEBUG (7): frontend -begin
2015-01-12T03:31:24+00:00 DEBUG (7): Array
(
)

2015-01-12T03:31:24+00:00 DEBUG (7): frontend -end
2015-01-12T03:33:36+00:00 DEBUG (7): frontend -begin
2015-01-12T03:33:36+00:00 DEBUG (7): Array
(
)

2015-01-12T03:33:36+00:00 DEBUG (7): frontend -end
2015-01-12T03:35:59+00:00 DEBUG (7): frontend -begin
2015-01-12T03:35:59+00:00 DEBUG (7): Array
(
)

2015-01-12T03:35:59+00:00 DEBUG (7): frontend -end
2015-01-12T03:36:21+00:00 DEBUG (7): frontend -begin
2015-01-12T03:36:21+00:00 DEBUG (7): Array
(
)

2015-01-12T03:36:21+00:00 DEBUG (7): frontend -end
2015-01-12T03:36:52+00:00 DEBUG (7): frontend -begin
2015-01-12T03:36:52+00:00 DEBUG (7): Array
(
)

2015-01-12T03:36:52+00:00 DEBUG (7): frontend -end
2015-01-12T03:37:29+00:00 DEBUG (7): frontend -begin
2015-01-12T03:37:29+00:00 DEBUG (7): Array
(
)

2015-01-12T03:37:29+00:00 DEBUG (7): frontend -end
2015-01-12T03:37:31+00:00 DEBUG (7): frontend -begin
2015-01-12T03:37:31+00:00 DEBUG (7): Array
(
)

2015-01-12T03:37:31+00:00 DEBUG (7): frontend -end
2015-01-12T03:38:53+00:00 DEBUG (7): frontend -begin
2015-01-12T03:38:53+00:00 DEBUG (7): Array
(
)

2015-01-12T03:38:53+00:00 DEBUG (7): frontend -end
2015-01-12T03:39:51+00:00 DEBUG (7): frontend -begin
2015-01-12T03:39:51+00:00 DEBUG (7): Array
(
)

2015-01-12T03:39:51+00:00 DEBUG (7): frontend -end
2015-01-12T03:40:29+00:00 DEBUG (7): frontend -begin
2015-01-12T03:40:29+00:00 DEBUG (7): Array
(
)

2015-01-12T03:40:29+00:00 DEBUG (7): frontend -end
2015-01-12T03:41:53+00:00 DEBUG (7): frontend -begin
2015-01-12T03:41:53+00:00 DEBUG (7): Array
(
)

2015-01-12T03:41:53+00:00 DEBUG (7): frontend -end
2015-01-12T03:42:26+00:00 DEBUG (7): frontend -begin
2015-01-12T03:42:26+00:00 DEBUG (7): Array
(
)

2015-01-12T03:42:26+00:00 DEBUG (7): frontend -end
2015-01-12T03:44:19+00:00 DEBUG (7): frontend -begin
2015-01-12T03:44:19+00:00 DEBUG (7): Array
(
)

2015-01-12T03:44:19+00:00 DEBUG (7): frontend -end
2015-01-12T03:45:18+00:00 DEBUG (7): frontend -begin
2015-01-12T03:45:18+00:00 DEBUG (7): Array
(
)

2015-01-12T03:45:18+00:00 DEBUG (7): frontend -end
2015-01-12T03:47:17+00:00 DEBUG (7): frontend -begin
2015-01-12T03:47:17+00:00 DEBUG (7): Array
(
)

2015-01-12T03:47:17+00:00 DEBUG (7): frontend -end
2015-01-12T03:49:34+00:00 DEBUG (7): frontend -begin
2015-01-12T03:49:34+00:00 DEBUG (7): Array
(
)

2015-01-12T03:49:34+00:00 DEBUG (7): frontend -end
2015-01-12T03:56:08+00:00 DEBUG (7): frontend -begin
2015-01-12T03:56:08+00:00 DEBUG (7): Array
(
)

2015-01-12T03:56:08+00:00 DEBUG (7): frontend -end
2015-01-12T04:01:58+00:00 DEBUG (7): frontend -begin
2015-01-12T04:01:58+00:00 DEBUG (7): Array
(
)

2015-01-12T04:01:58+00:00 DEBUG (7): frontend -end
2015-01-12T04:02:01+00:00 DEBUG (7): frontend -begin
2015-01-12T04:02:01+00:00 DEBUG (7): Array
(
)

2015-01-12T04:02:01+00:00 DEBUG (7): frontend -end
2015-01-12T04:02:02+00:00 DEBUG (7): frontend -begin
2015-01-12T04:02:02+00:00 DEBUG (7): Array
(
)

2015-01-12T04:02:02+00:00 DEBUG (7): frontend -end
2015-01-12T04:02:02+00:00 DEBUG (7): frontend -begin
2015-01-12T04:02:02+00:00 DEBUG (7): Array
(
)

2015-01-12T04:02:02+00:00 DEBUG (7): frontend -end
2015-01-12T04:02:03+00:00 DEBUG (7): frontend -begin
2015-01-12T04:02:03+00:00 DEBUG (7): Array
(
)

2015-01-12T04:02:03+00:00 DEBUG (7): frontend -end
2015-01-12T04:05:00+00:00 DEBUG (7): frontend -begin
2015-01-12T04:05:00+00:00 DEBUG (7): Array
(
)

2015-01-12T04:05:00+00:00 DEBUG (7): frontend -end
2015-01-12T04:09:29+00:00 DEBUG (7): frontend -begin
2015-01-12T04:09:30+00:00 DEBUG (7): Array
(
)

2015-01-12T04:09:30+00:00 DEBUG (7): frontend -end
2015-01-12T04:09:36+00:00 DEBUG (7): frontend -begin
2015-01-12T04:09:36+00:00 DEBUG (7): Array
(
)

2015-01-12T04:09:36+00:00 DEBUG (7): frontend -end
2015-01-12T04:11:00+00:00 DEBUG (7): frontend -begin
2015-01-12T04:11:00+00:00 DEBUG (7): Array
(
)

2015-01-12T04:11:00+00:00 DEBUG (7): frontend -end
2015-01-12T04:11:04+00:00 DEBUG (7): frontend -begin
2015-01-12T04:11:04+00:00 DEBUG (7): Array
(
)

2015-01-12T04:11:04+00:00 DEBUG (7): frontend -end
2015-01-12T04:11:04+00:00 DEBUG (7): frontend -begin
2015-01-12T04:11:04+00:00 DEBUG (7): Array
(
)

2015-01-12T04:11:04+00:00 DEBUG (7): frontend -end
2015-01-12T04:11:05+00:00 DEBUG (7): frontend -begin
2015-01-12T04:11:05+00:00 DEBUG (7): Array
(
)

2015-01-12T04:11:05+00:00 DEBUG (7): frontend -end
2015-01-12T04:11:05+00:00 DEBUG (7): frontend -begin
2015-01-12T04:11:05+00:00 DEBUG (7): Array
(
)

2015-01-12T04:11:05+00:00 DEBUG (7): frontend -end
2015-01-12T04:11:23+00:00 DEBUG (7): frontend -begin
2015-01-12T04:11:23+00:00 DEBUG (7): Array
(
)

2015-01-12T04:11:23+00:00 DEBUG (7): frontend -end
2015-01-12T04:11:26+00:00 DEBUG (7): frontend -begin
2015-01-12T04:11:26+00:00 DEBUG (7): Array
(
)

2015-01-12T04:11:26+00:00 DEBUG (7): frontend -end
2015-01-12T04:11:27+00:00 DEBUG (7): frontend -begin
2015-01-12T04:11:27+00:00 DEBUG (7): Array
(
)

2015-01-12T04:11:27+00:00 DEBUG (7): frontend -end
2015-01-12T04:11:28+00:00 DEBUG (7): frontend -begin
2015-01-12T04:11:28+00:00 DEBUG (7): Array
(
)

2015-01-12T04:11:28+00:00 DEBUG (7): frontend -end
2015-01-12T04:11:29+00:00 DEBUG (7): frontend -begin
2015-01-12T04:11:29+00:00 DEBUG (7): Array
(
)

2015-01-12T04:11:29+00:00 DEBUG (7): frontend -end
2015-01-12T04:21:53+00:00 DEBUG (7): frontend -begin
2015-01-12T04:21:53+00:00 DEBUG (7): Array
(
)

2015-01-12T04:21:53+00:00 DEBUG (7): frontend -end
2015-01-12T04:21:57+00:00 DEBUG (7): frontend -begin
2015-01-12T04:21:57+00:00 DEBUG (7): Array
(
)

2015-01-12T04:21:57+00:00 DEBUG (7): frontend -end
2015-01-12T04:21:58+00:00 DEBUG (7): frontend -begin
2015-01-12T04:21:58+00:00 DEBUG (7): Array
(
)

2015-01-12T04:21:58+00:00 DEBUG (7): frontend -end
2015-01-12T04:21:59+00:00 DEBUG (7): frontend -begin
2015-01-12T04:21:59+00:00 DEBUG (7): Array
(
)

2015-01-12T04:21:59+00:00 DEBUG (7): frontend -end
2015-01-12T04:42:11+00:00 DEBUG (7): frontend -begin
2015-01-12T04:42:11+00:00 DEBUG (7): Array
(
)

2015-01-12T04:42:11+00:00 DEBUG (7): frontend -end
2015-01-12T08:52:04+00:00 DEBUG (7): frontend -begin
2015-01-12T08:52:04+00:00 DEBUG (7): Array
(
)

2015-01-12T08:52:04+00:00 DEBUG (7): frontend -end
2015-01-12T08:52:16+00:00 DEBUG (7): frontend -begin
2015-01-12T08:52:16+00:00 DEBUG (7): Array
(
)

2015-01-12T08:52:16+00:00 DEBUG (7): frontend -end
2015-01-12T08:52:18+00:00 DEBUG (7): frontend -begin
2015-01-12T08:52:18+00:00 DEBUG (7): Array
(
)

2015-01-12T08:52:18+00:00 DEBUG (7): frontend -end
2015-01-12T08:52:19+00:00 DEBUG (7): frontend -begin
2015-01-12T08:52:19+00:00 DEBUG (7): Array
(
)

2015-01-12T08:52:19+00:00 DEBUG (7): frontend -end
2015-01-12T08:52:42+00:00 DEBUG (7): frontend -begin
2015-01-12T08:52:42+00:00 DEBUG (7): Array
(
)

2015-01-12T08:52:42+00:00 DEBUG (7): frontend -end
2015-01-12T08:52:46+00:00 DEBUG (7): frontend -begin
2015-01-12T08:52:46+00:00 DEBUG (7): Array
(
)

2015-01-12T08:52:46+00:00 DEBUG (7): frontend -end
2015-01-12T08:52:47+00:00 DEBUG (7): frontend -begin
2015-01-12T08:52:47+00:00 DEBUG (7): Array
(
)

2015-01-12T08:52:47+00:00 DEBUG (7): frontend -end
2015-01-12T08:52:48+00:00 DEBUG (7): frontend -begin
2015-01-12T08:52:48+00:00 DEBUG (7): Array
(
)

2015-01-12T08:52:48+00:00 DEBUG (7): frontend -end
2015-01-12T08:53:14+00:00 DEBUG (7): frontend -begin
2015-01-12T08:53:14+00:00 DEBUG (7): Array
(
)

2015-01-12T08:53:14+00:00 DEBUG (7): frontend -end
2015-01-12T08:53:17+00:00 DEBUG (7): frontend -begin
2015-01-12T08:53:17+00:00 DEBUG (7): Array
(
)

2015-01-12T08:53:17+00:00 DEBUG (7): frontend -end
2015-01-12T08:53:17+00:00 DEBUG (7): frontend -begin
2015-01-12T08:53:17+00:00 DEBUG (7): Array
(
)

2015-01-12T08:53:17+00:00 DEBUG (7): frontend -end
2015-01-12T08:53:18+00:00 DEBUG (7): frontend -begin
2015-01-12T08:53:18+00:00 DEBUG (7): Array
(
)

2015-01-12T08:53:18+00:00 DEBUG (7): frontend -end
2015-01-12T08:53:22+00:00 DEBUG (7): frontend -begin
2015-01-12T08:53:22+00:00 DEBUG (7): Array
(
)

2015-01-12T08:53:22+00:00 DEBUG (7): frontend -end
2015-01-12T08:53:25+00:00 DEBUG (7): frontend -begin
2015-01-12T08:53:25+00:00 DEBUG (7): Array
(
)

2015-01-12T08:53:25+00:00 DEBUG (7): frontend -end
2015-01-12T08:53:26+00:00 DEBUG (7): frontend -begin
2015-01-12T08:53:26+00:00 DEBUG (7): Array
(
)

2015-01-12T08:53:26+00:00 DEBUG (7): frontend -end
2015-01-12T08:53:27+00:00 DEBUG (7): frontend -begin
2015-01-12T08:53:27+00:00 DEBUG (7): Array
(
)

2015-01-12T08:53:27+00:00 DEBUG (7): frontend -end
2015-01-12T08:55:13+00:00 DEBUG (7): frontend -begin
2015-01-12T08:55:13+00:00 DEBUG (7): Array
(
)

2015-01-12T08:55:13+00:00 DEBUG (7): frontend -end
2015-01-12T08:55:18+00:00 DEBUG (7): frontend -begin
2015-01-12T08:55:18+00:00 DEBUG (7): Array
(
)

2015-01-12T08:55:18+00:00 DEBUG (7): frontend -end
2015-01-12T08:55:49+00:00 DEBUG (7): frontend -begin
2015-01-12T08:55:49+00:00 DEBUG (7): Array
(
)

2015-01-12T08:55:49+00:00 DEBUG (7): frontend -end
2015-01-12T08:55:57+00:00 DEBUG (7): frontend -begin
2015-01-12T08:55:57+00:00 DEBUG (7): Array
(
)

2015-01-12T08:55:57+00:00 DEBUG (7): frontend -end
2015-01-12T08:56:03+00:00 DEBUG (7): frontend -begin
2015-01-12T08:56:03+00:00 DEBUG (7): Array
(
)

2015-01-12T08:56:03+00:00 DEBUG (7): frontend -end
2015-01-12T08:56:46+00:00 DEBUG (7): frontend -begin
2015-01-12T08:56:46+00:00 DEBUG (7): Array
(
)

2015-01-12T08:56:46+00:00 DEBUG (7): frontend -end
2015-01-12T10:17:57+00:00 DEBUG (7): frontend -begin
2015-01-12T10:17:57+00:00 DEBUG (7): Array
(
)

2015-01-12T10:17:57+00:00 DEBUG (7): frontend -end
2015-01-12T10:24:59+00:00 DEBUG (7): frontend -begin
2015-01-12T10:24:59+00:00 DEBUG (7): Array
(
)

2015-01-12T10:24:59+00:00 DEBUG (7): frontend -end
2015-01-12T10:25:40+00:00 DEBUG (7): frontend -begin
2015-01-12T10:25:40+00:00 DEBUG (7): Array
(
)

2015-01-12T10:25:40+00:00 DEBUG (7): frontend -end
2015-01-12T10:25:45+00:00 DEBUG (7): frontend -begin
2015-01-12T10:25:45+00:00 DEBUG (7): Array
(
)

2015-01-12T10:25:45+00:00 DEBUG (7): frontend -end
2015-01-12T10:32:24+00:00 DEBUG (7): frontend -begin
2015-01-12T10:32:24+00:00 DEBUG (7): Array
(
)

2015-01-12T10:32:24+00:00 DEBUG (7): frontend -end
2015-01-12T10:33:40+00:00 DEBUG (7): frontend -begin
2015-01-12T10:33:40+00:00 DEBUG (7): Array
(
)

2015-01-12T10:33:40+00:00 DEBUG (7): frontend -end
2015-01-12T10:34:24+00:00 DEBUG (7): frontend -begin
2015-01-12T10:34:24+00:00 DEBUG (7): Array
(
)

2015-01-12T10:34:24+00:00 DEBUG (7): frontend -end
2015-01-12T10:35:49+00:00 DEBUG (7): frontend -begin
2015-01-12T10:35:49+00:00 DEBUG (7): Array
(
)

2015-01-12T10:35:49+00:00 DEBUG (7): frontend -end
2015-01-12T10:37:15+00:00 DEBUG (7): frontend -begin
2015-01-12T10:37:15+00:00 DEBUG (7): Array
(
)

2015-01-12T10:37:15+00:00 DEBUG (7): frontend -end
2015-01-12T10:38:05+00:00 DEBUG (7): frontend -begin
2015-01-12T10:38:05+00:00 DEBUG (7): Array
(
)

2015-01-12T10:38:05+00:00 DEBUG (7): frontend -end
2015-01-12T10:38:59+00:00 DEBUG (7): frontend -begin
2015-01-12T10:38:59+00:00 DEBUG (7): Array
(
)

2015-01-12T10:38:59+00:00 DEBUG (7): frontend -end
2015-01-12T10:39:26+00:00 DEBUG (7): frontend -begin
2015-01-12T10:39:26+00:00 DEBUG (7): Array
(
)

2015-01-12T10:39:26+00:00 DEBUG (7): frontend -end
2015-01-12T10:39:42+00:00 DEBUG (7): frontend -begin
2015-01-12T10:39:42+00:00 DEBUG (7): Array
(
)

2015-01-12T10:39:42+00:00 DEBUG (7): frontend -end
2015-01-12T10:40:35+00:00 DEBUG (7): frontend -begin
2015-01-12T10:40:35+00:00 DEBUG (7): Array
(
)

2015-01-12T10:40:35+00:00 DEBUG (7): frontend -end
2015-01-12T10:41:08+00:00 DEBUG (7): frontend -begin
2015-01-12T10:41:08+00:00 DEBUG (7): Array
(
)

2015-01-12T10:41:08+00:00 DEBUG (7): frontend -end
2015-01-12T10:47:32+00:00 DEBUG (7): frontend -begin
2015-01-12T10:47:32+00:00 DEBUG (7): Array
(
)

2015-01-12T10:47:32+00:00 DEBUG (7): frontend -end
2015-01-12T10:47:48+00:00 DEBUG (7): frontend -begin
2015-01-12T10:47:48+00:00 DEBUG (7): Array
(
)

2015-01-12T10:47:48+00:00 DEBUG (7): frontend -end
2015-01-12T10:47:59+00:00 DEBUG (7): frontend -begin
2015-01-12T10:47:59+00:00 DEBUG (7): Array
(
)

2015-01-12T10:47:59+00:00 DEBUG (7): frontend -end
2015-01-12T10:48:04+00:00 DEBUG (7): frontend -begin
2015-01-12T10:48:04+00:00 DEBUG (7): Array
(
)

2015-01-12T10:48:04+00:00 DEBUG (7): frontend -end
2015-01-12T10:48:43+00:00 DEBUG (7): frontend -begin
2015-01-12T10:48:43+00:00 DEBUG (7): Array
(
)

2015-01-12T10:48:43+00:00 DEBUG (7): frontend -end
2015-01-12T10:48:54+00:00 DEBUG (7): frontend -begin
2015-01-12T10:48:54+00:00 DEBUG (7): Array
(
)

2015-01-12T10:48:54+00:00 DEBUG (7): frontend -end
2015-01-12T10:53:18+00:00 DEBUG (7): frontend -begin
2015-01-12T10:53:18+00:00 DEBUG (7): Array
(
)

2015-01-12T10:53:18+00:00 DEBUG (7): frontend -end
2015-01-12T10:54:54+00:00 DEBUG (7): frontend -begin
2015-01-12T10:54:54+00:00 DEBUG (7): Array
(
)

2015-01-12T10:54:54+00:00 DEBUG (7): frontend -end
2015-01-12T10:55:19+00:00 DEBUG (7): frontend -begin
2015-01-12T10:55:19+00:00 DEBUG (7): Array
(
)

2015-01-12T10:55:19+00:00 DEBUG (7): frontend -end
2015-01-12T10:55:57+00:00 DEBUG (7): frontend -begin
2015-01-12T10:55:57+00:00 DEBUG (7): Array
(
)

2015-01-12T10:55:57+00:00 DEBUG (7): frontend -end
2015-01-12T10:56:28+00:00 DEBUG (7): frontend -begin
2015-01-12T10:56:28+00:00 DEBUG (7): Array
(
)

2015-01-12T10:56:28+00:00 DEBUG (7): frontend -end
2015-01-12T10:56:37+00:00 DEBUG (7): frontend -begin
2015-01-12T10:56:37+00:00 DEBUG (7): Array
(
)

2015-01-12T10:56:37+00:00 DEBUG (7): frontend -end
2015-01-12T10:57:06+00:00 DEBUG (7): frontend -begin
2015-01-12T10:57:06+00:00 DEBUG (7): Array
(
)

2015-01-12T10:57:06+00:00 DEBUG (7): frontend -end
2015-01-12T10:58:42+00:00 DEBUG (7): frontend -begin
2015-01-12T10:58:42+00:00 DEBUG (7): Array
(
)

2015-01-12T10:58:42+00:00 DEBUG (7): frontend -end
2015-01-12T10:58:48+00:00 DEBUG (7): frontend -begin
2015-01-12T10:58:48+00:00 DEBUG (7): Array
(
)

2015-01-12T10:58:48+00:00 DEBUG (7): frontend -end
2015-01-12T10:59:32+00:00 DEBUG (7): frontend -begin
2015-01-12T10:59:32+00:00 DEBUG (7): Array
(
)

2015-01-12T10:59:32+00:00 DEBUG (7): frontend -end
2015-01-12T11:03:11+00:00 DEBUG (7): frontend -begin
2015-01-12T11:03:11+00:00 DEBUG (7): Array
(
)

2015-01-12T11:03:11+00:00 DEBUG (7): frontend -end
2015-01-12T11:03:28+00:00 DEBUG (7): frontend -begin
2015-01-12T11:03:28+00:00 DEBUG (7): Array
(
)

2015-01-12T11:03:28+00:00 DEBUG (7): frontend -end
2015-01-12T11:03:35+00:00 DEBUG (7): frontend -begin
2015-01-12T11:03:35+00:00 DEBUG (7): Array
(
)

2015-01-12T11:03:35+00:00 DEBUG (7): frontend -end
2015-01-12T11:03:44+00:00 DEBUG (7): frontend -begin
2015-01-12T11:03:44+00:00 DEBUG (7): Array
(
)

2015-01-12T11:03:44+00:00 DEBUG (7): frontend -end
2015-01-12T11:04:15+00:00 DEBUG (7): frontend -begin
2015-01-12T11:04:15+00:00 DEBUG (7): Array
(
)

2015-01-12T11:04:15+00:00 DEBUG (7): frontend -end
2015-01-12T11:04:25+00:00 DEBUG (7): frontend -begin
2015-01-12T11:04:25+00:00 DEBUG (7): Array
(
)

2015-01-12T11:04:25+00:00 DEBUG (7): frontend -end
2015-01-12T11:04:34+00:00 DEBUG (7): frontend -begin
2015-01-12T11:04:34+00:00 DEBUG (7): Array
(
)

2015-01-12T11:04:34+00:00 DEBUG (7): frontend -end
2015-01-12T11:09:00+00:00 DEBUG (7): frontend -begin
2015-01-12T11:09:00+00:00 DEBUG (7): Array
(
)

2015-01-12T11:09:00+00:00 DEBUG (7): frontend -end
2015-01-12T11:09:10+00:00 DEBUG (7): frontend -begin
2015-01-12T11:09:10+00:00 DEBUG (7): Array
(
)

2015-01-12T11:09:10+00:00 DEBUG (7): frontend -end
2015-01-12T11:09:23+00:00 DEBUG (7): frontend -begin
2015-01-12T11:09:23+00:00 DEBUG (7): Array
(
)

2015-01-12T11:09:23+00:00 DEBUG (7): frontend -end
2015-01-12T11:09:36+00:00 DEBUG (7): frontend -begin
2015-01-12T11:09:36+00:00 DEBUG (7): Array
(
)

2015-01-12T11:09:36+00:00 DEBUG (7): frontend -end
2015-01-12T11:09:43+00:00 DEBUG (7): frontend -begin
2015-01-12T11:09:43+00:00 DEBUG (7): Array
(
)

2015-01-12T11:09:43+00:00 DEBUG (7): frontend -end
2015-01-13T01:46:10+00:00 DEBUG (7): frontend -begin
2015-01-13T01:46:10+00:00 DEBUG (7): Array
(
)

2015-01-13T01:46:10+00:00 DEBUG (7): frontend -end
2015-01-13T02:28:41+00:00 DEBUG (7): frontend -begin
2015-01-13T02:28:41+00:00 DEBUG (7): Array
(
)

2015-01-13T02:28:41+00:00 DEBUG (7): frontend -end
2015-01-13T02:30:32+00:00 DEBUG (7): frontend -begin
2015-01-13T02:30:32+00:00 DEBUG (7): Array
(
)

2015-01-13T02:30:32+00:00 DEBUG (7): frontend -end
2015-01-13T02:31:40+00:00 DEBUG (7): frontend -begin
2015-01-13T02:31:40+00:00 DEBUG (7): Array
(
)

2015-01-13T02:31:40+00:00 DEBUG (7): frontend -end
2015-01-13T02:31:55+00:00 DEBUG (7): frontend -begin
2015-01-13T02:31:55+00:00 DEBUG (7): Array
(
)

2015-01-13T02:31:55+00:00 DEBUG (7): frontend -end
2015-01-13T02:32:09+00:00 DEBUG (7): frontend -begin
2015-01-13T02:32:09+00:00 DEBUG (7): Array
(
)

2015-01-13T02:32:09+00:00 DEBUG (7): frontend -end
2015-01-13T02:32:42+00:00 DEBUG (7): frontend -begin
2015-01-13T02:32:42+00:00 DEBUG (7): Array
(
)

2015-01-13T02:32:42+00:00 DEBUG (7): frontend -end
2015-01-13T02:35:37+00:00 DEBUG (7): frontend -begin
2015-01-13T02:35:37+00:00 DEBUG (7): Array
(
)

2015-01-13T02:35:37+00:00 DEBUG (7): frontend -end
2015-01-13T02:35:48+00:00 DEBUG (7): frontend -begin
2015-01-13T02:35:48+00:00 DEBUG (7): Array
(
)

2015-01-13T02:35:48+00:00 DEBUG (7): frontend -end
2015-01-13T02:35:52+00:00 DEBUG (7): frontend -begin
2015-01-13T02:35:52+00:00 DEBUG (7): Array
(
)

2015-01-13T02:35:52+00:00 DEBUG (7): frontend -end
2015-01-13T02:35:58+00:00 DEBUG (7): frontend -begin
2015-01-13T02:35:58+00:00 DEBUG (7): Array
(
)

2015-01-13T02:35:58+00:00 DEBUG (7): frontend -end
2015-01-13T02:50:00+00:00 DEBUG (7): frontend -begin
2015-01-13T02:50:00+00:00 DEBUG (7): Array
(
)

2015-01-13T02:50:00+00:00 DEBUG (7): frontend -end
2015-01-13T02:53:20+00:00 DEBUG (7): frontend -begin
2015-01-13T02:53:20+00:00 DEBUG (7): Array
(
)

2015-01-13T02:53:20+00:00 DEBUG (7): frontend -end
2015-01-13T02:53:29+00:00 DEBUG (7): frontend -begin
2015-01-13T02:53:29+00:00 DEBUG (7): Array
(
)

2015-01-13T02:53:29+00:00 DEBUG (7): frontend -end
2015-01-13T02:54:12+00:00 DEBUG (7): frontend -begin
2015-01-13T02:54:12+00:00 DEBUG (7): Array
(
)

2015-01-13T02:54:12+00:00 DEBUG (7): frontend -end
2015-01-13T02:55:18+00:00 DEBUG (7): frontend -begin
2015-01-13T02:55:18+00:00 DEBUG (7): Array
(
)

2015-01-13T02:55:18+00:00 DEBUG (7): frontend -end
2015-01-13T02:56:16+00:00 DEBUG (7): frontend -begin
2015-01-13T02:56:16+00:00 DEBUG (7): Array
(
)

2015-01-13T02:56:16+00:00 DEBUG (7): frontend -end
2015-01-13T02:56:31+00:00 DEBUG (7): frontend -begin
2015-01-13T02:56:31+00:00 DEBUG (7): Array
(
)

2015-01-13T02:56:31+00:00 DEBUG (7): frontend -end
2015-01-13T02:56:37+00:00 DEBUG (7): frontend -begin
2015-01-13T02:56:37+00:00 DEBUG (7): Array
(
)

2015-01-13T02:56:37+00:00 DEBUG (7): frontend -end
2015-01-13T02:56:48+00:00 DEBUG (7): frontend -begin
2015-01-13T02:56:48+00:00 DEBUG (7): Array
(
)

2015-01-13T02:56:48+00:00 DEBUG (7): frontend -end
2015-01-13T03:07:22+00:00 DEBUG (7): frontend -begin
2015-01-13T03:07:22+00:00 DEBUG (7): Array
(
)

2015-01-13T03:07:22+00:00 DEBUG (7): frontend -end
2015-01-13T03:08:05+00:00 DEBUG (7): frontend -begin
2015-01-13T03:08:05+00:00 DEBUG (7): Array
(
)

2015-01-13T03:08:05+00:00 DEBUG (7): frontend -end
2015-01-13T03:08:09+00:00 DEBUG (7): frontend -begin
2015-01-13T03:08:09+00:00 DEBUG (7): Array
(
)

2015-01-13T03:08:09+00:00 DEBUG (7): frontend -end
2015-01-13T03:08:23+00:00 DEBUG (7): frontend -begin
2015-01-13T03:08:23+00:00 DEBUG (7): Array
(
)

2015-01-13T03:08:23+00:00 DEBUG (7): frontend -end
2015-01-13T03:08:36+00:00 DEBUG (7): frontend -begin
2015-01-13T03:08:36+00:00 DEBUG (7): Array
(
)

2015-01-13T03:08:36+00:00 DEBUG (7): frontend -end
2015-01-13T03:08:51+00:00 DEBUG (7): frontend -begin
2015-01-13T03:08:51+00:00 DEBUG (7): Array
(
)

2015-01-13T03:08:51+00:00 DEBUG (7): frontend -end
2015-01-13T03:10:12+00:00 DEBUG (7): frontend -begin
2015-01-13T03:10:12+00:00 DEBUG (7): Array
(
)

2015-01-13T03:10:12+00:00 DEBUG (7): frontend -end
2015-01-13T03:12:53+00:00 DEBUG (7): frontend -begin
2015-01-13T03:12:53+00:00 DEBUG (7): Array
(
)

2015-01-13T03:12:53+00:00 DEBUG (7): frontend -end
2015-01-13T03:13:48+00:00 DEBUG (7): frontend -begin
2015-01-13T03:13:48+00:00 DEBUG (7): Array
(
)

2015-01-13T03:13:48+00:00 DEBUG (7): frontend -end
2015-01-13T03:14:48+00:00 DEBUG (7): frontend -begin
2015-01-13T03:14:48+00:00 DEBUG (7): Array
(
)

2015-01-13T03:14:48+00:00 DEBUG (7): frontend -end
2015-01-13T03:17:08+00:00 DEBUG (7): frontend -begin
2015-01-13T03:17:08+00:00 DEBUG (7): Array
(
)

2015-01-13T03:17:08+00:00 DEBUG (7): frontend -end
2015-01-13T03:18:56+00:00 DEBUG (7): frontend -begin
2015-01-13T03:18:56+00:00 DEBUG (7): Array
(
)

2015-01-13T03:18:56+00:00 DEBUG (7): frontend -end
2015-01-13T03:28:19+00:00 DEBUG (7): frontend -begin
2015-01-13T03:28:19+00:00 DEBUG (7): Array
(
)

2015-01-13T03:28:19+00:00 DEBUG (7): frontend -end
2015-01-13T03:29:22+00:00 DEBUG (7): frontend -begin
2015-01-13T03:29:22+00:00 DEBUG (7): Array
(
)

2015-01-13T03:29:22+00:00 DEBUG (7): frontend -end
2015-01-13T03:29:54+00:00 DEBUG (7): frontend -begin
2015-01-13T03:29:54+00:00 DEBUG (7): Array
(
)

2015-01-13T03:29:54+00:00 DEBUG (7): frontend -end
2015-01-13T03:30:14+00:00 DEBUG (7): frontend -begin
2015-01-13T03:30:14+00:00 DEBUG (7): Array
(
)

2015-01-13T03:30:14+00:00 DEBUG (7): frontend -end
2015-01-13T03:30:53+00:00 DEBUG (7): frontend -begin
2015-01-13T03:30:53+00:00 DEBUG (7): Array
(
)

2015-01-13T03:30:53+00:00 DEBUG (7): frontend -end
2015-01-13T03:31:33+00:00 DEBUG (7): frontend -begin
2015-01-13T03:31:33+00:00 DEBUG (7): Array
(
)

2015-01-13T03:31:33+00:00 DEBUG (7): frontend -end
2015-01-13T03:31:40+00:00 DEBUG (7): frontend -begin
2015-01-13T03:31:40+00:00 DEBUG (7): Array
(
)

2015-01-13T03:31:40+00:00 DEBUG (7): frontend -end
2015-01-13T03:31:45+00:00 DEBUG (7): frontend -begin
2015-01-13T03:31:45+00:00 DEBUG (7): Array
(
)

2015-01-13T03:31:45+00:00 DEBUG (7): frontend -end
2015-01-13T03:32:05+00:00 DEBUG (7): frontend -begin
2015-01-13T03:32:05+00:00 DEBUG (7): Array
(
)

2015-01-13T03:32:05+00:00 DEBUG (7): frontend -end
2015-01-13T03:32:10+00:00 DEBUG (7): frontend -begin
2015-01-13T03:32:10+00:00 DEBUG (7): Array
(
)

2015-01-13T03:32:10+00:00 DEBUG (7): frontend -end
2015-01-13T03:32:26+00:00 DEBUG (7): frontend -begin
2015-01-13T03:32:26+00:00 DEBUG (7): Array
(
)

2015-01-13T03:32:26+00:00 DEBUG (7): frontend -end
2015-01-13T03:32:30+00:00 DEBUG (7): frontend -begin
2015-01-13T03:32:30+00:00 DEBUG (7): Array
(
)

2015-01-13T03:32:30+00:00 DEBUG (7): frontend -end
2015-01-13T03:32:51+00:00 DEBUG (7): frontend -begin
2015-01-13T03:32:51+00:00 DEBUG (7): Array
(
)

2015-01-13T03:32:51+00:00 DEBUG (7): frontend -end
2015-01-13T03:33:10+00:00 DEBUG (7): frontend -begin
2015-01-13T03:33:10+00:00 DEBUG (7): Array
(
)

2015-01-13T03:33:10+00:00 DEBUG (7): frontend -end
2015-01-13T03:33:45+00:00 DEBUG (7): frontend -begin
2015-01-13T03:33:45+00:00 DEBUG (7): Array
(
)

2015-01-13T03:33:45+00:00 DEBUG (7): frontend -end
2015-01-13T03:36:07+00:00 DEBUG (7): frontend -begin
2015-01-13T03:36:07+00:00 DEBUG (7): Array
(
)

2015-01-13T03:37:22+00:00 DEBUG (7): frontend -begin
2015-01-13T03:37:22+00:00 DEBUG (7): Array
(
)

2015-01-13T03:37:22+00:00 DEBUG (7): frontend -end
2015-01-13T03:37:29+00:00 DEBUG (7): frontend -begin
2015-01-13T03:37:29+00:00 DEBUG (7): Array
(
)

2015-01-13T03:37:29+00:00 DEBUG (7): frontend -end
2015-01-13T03:37:51+00:00 DEBUG (7): frontend -begin
2015-01-13T03:37:51+00:00 DEBUG (7): Array
(
)

2015-01-13T03:37:51+00:00 DEBUG (7): frontend -end
2015-01-13T03:39:10+00:00 DEBUG (7): frontend -begin
2015-01-13T03:39:10+00:00 DEBUG (7): Array
(
)

2015-01-13T03:39:10+00:00 DEBUG (7): frontend -end
2015-01-13T03:42:44+00:00 DEBUG (7): frontend -begin
2015-01-13T03:42:44+00:00 DEBUG (7): Array
(
)

2015-01-13T03:42:44+00:00 DEBUG (7): frontend -end
2015-01-13T03:42:58+00:00 DEBUG (7): frontend -begin
2015-01-13T03:42:58+00:00 DEBUG (7): Array
(
)

2015-01-13T03:42:58+00:00 DEBUG (7): frontend -end
2015-01-13T03:43:03+00:00 DEBUG (7): frontend -begin
2015-01-13T03:43:03+00:00 DEBUG (7): Array
(
)

2015-01-13T03:43:03+00:00 DEBUG (7): frontend -end
2015-01-13T03:44:28+00:00 DEBUG (7): frontend -begin
2015-01-13T03:44:28+00:00 DEBUG (7): Array
(
)

2015-01-13T03:44:28+00:00 DEBUG (7): frontend -end
2015-01-13T04:05:06+00:00 DEBUG (7): frontend -begin
2015-01-13T04:05:06+00:00 DEBUG (7): Array
(
)

2015-01-13T04:05:06+00:00 DEBUG (7): frontend -end
2015-01-13T04:05:59+00:00 DEBUG (7): frontend -begin
2015-01-13T04:05:59+00:00 DEBUG (7): Array
(
)

2015-01-13T04:05:59+00:00 DEBUG (7): frontend -end
2015-01-13T04:06:05+00:00 DEBUG (7): frontend -begin
2015-01-13T04:06:05+00:00 DEBUG (7): Array
(
)

2015-01-13T04:06:05+00:00 DEBUG (7): frontend -end
2015-01-13T04:14:56+00:00 DEBUG (7): frontend -begin
2015-01-13T04:14:56+00:00 DEBUG (7): Array
(
)

2015-01-13T04:14:56+00:00 DEBUG (7): frontend -end
2015-01-13T04:15:04+00:00 DEBUG (7): frontend -begin
2015-01-13T04:15:04+00:00 DEBUG (7): Array
(
)

2015-01-13T04:15:04+00:00 DEBUG (7): frontend -end
2015-01-13T04:15:23+00:00 DEBUG (7): frontend -begin
2015-01-13T04:15:23+00:00 DEBUG (7): Array
(
)

2015-01-13T04:15:23+00:00 DEBUG (7): frontend -end
2015-01-13T04:16:12+00:00 DEBUG (7): frontend -begin
2015-01-13T04:16:12+00:00 DEBUG (7): Array
(
)

2015-01-13T04:16:12+00:00 DEBUG (7): frontend -end
2015-01-13T04:16:42+00:00 DEBUG (7): frontend -begin
2015-01-13T04:16:42+00:00 DEBUG (7): Array
(
)

2015-01-13T04:16:42+00:00 DEBUG (7): frontend -end
2015-01-13T04:17:19+00:00 DEBUG (7): frontend -begin
2015-01-13T04:17:19+00:00 DEBUG (7): Array
(
)

2015-01-13T04:17:19+00:00 DEBUG (7): frontend -end
2015-01-13T04:17:42+00:00 DEBUG (7): frontend -begin
2015-01-13T04:17:42+00:00 DEBUG (7): Array
(
)

2015-01-13T04:17:42+00:00 DEBUG (7): frontend -end
2015-01-13T04:19:06+00:00 DEBUG (7): frontend -begin
2015-01-13T04:19:06+00:00 DEBUG (7): Array
(
)

2015-01-13T04:19:06+00:00 DEBUG (7): frontend -end
2015-01-13T04:19:32+00:00 DEBUG (7): frontend -begin
2015-01-13T04:19:32+00:00 DEBUG (7): Array
(
)

2015-01-13T04:19:32+00:00 DEBUG (7): frontend -end
2015-01-13T04:25:07+00:00 DEBUG (7): frontend -begin
2015-01-13T04:25:07+00:00 DEBUG (7): Array
(
)

2015-01-13T04:25:07+00:00 DEBUG (7): frontend -end
2015-01-13T04:27:41+00:00 DEBUG (7): frontend -begin
2015-01-13T04:27:41+00:00 DEBUG (7): Array
(
)

2015-01-13T04:27:41+00:00 DEBUG (7): frontend -end
2015-01-13T04:28:31+00:00 DEBUG (7): frontend -begin
2015-01-13T04:28:31+00:00 DEBUG (7): Array
(
)

2015-01-13T04:28:31+00:00 DEBUG (7): frontend -end
2015-01-13T04:42:10+00:00 DEBUG (7): frontend -begin
2015-01-13T04:42:10+00:00 DEBUG (7): Array
(
)

2015-01-13T04:42:10+00:00 DEBUG (7): frontend -end
2015-01-13T04:43:30+00:00 DEBUG (7): frontend -begin
2015-01-13T04:43:30+00:00 DEBUG (7): Array
(
)

2015-01-13T04:43:30+00:00 DEBUG (7): frontend -end
2015-01-13T04:44:03+00:00 DEBUG (7): frontend -begin
2015-01-13T04:44:03+00:00 DEBUG (7): Array
(
)

2015-01-13T04:44:03+00:00 DEBUG (7): frontend -end
2015-01-13T04:44:20+00:00 DEBUG (7): frontend -begin
2015-01-13T04:44:20+00:00 DEBUG (7): Array
(
)

2015-01-13T04:44:20+00:00 DEBUG (7): frontend -end
2015-01-13T04:44:54+00:00 DEBUG (7): frontend -begin
2015-01-13T04:44:54+00:00 DEBUG (7): Array
(
)

2015-01-13T04:44:54+00:00 DEBUG (7): frontend -end
2015-01-13T04:45:14+00:00 DEBUG (7): frontend -begin
2015-01-13T04:45:14+00:00 DEBUG (7): Array
(
)

2015-01-13T04:45:14+00:00 DEBUG (7): frontend -end
2015-01-13T04:46:21+00:00 DEBUG (7): frontend -begin
2015-01-13T04:46:21+00:00 DEBUG (7): Array
(
)

2015-01-13T04:46:21+00:00 DEBUG (7): frontend -end
2015-01-13T04:46:33+00:00 DEBUG (7): frontend -begin
2015-01-13T04:46:33+00:00 DEBUG (7): Array
(
)

2015-01-13T04:46:33+00:00 DEBUG (7): frontend -end
2015-01-13T04:51:57+00:00 DEBUG (7): TH:1
2015-01-13T04:51:58+00:00 DEBUG (7): result=
2015-01-13T04:51:58+00:00 DEBUG (7): Array
(
    [tmp_name] => /tmp/php6BvTch
    [name] => PopUp-LSFAffiliate.jpg
    [path] => /var/www/viettuong.dev/local/magento/media/banner
    [file] => PopUp-LSFAffiliate.jpg
)

2015-01-13T04:51:58+00:00 DEBUG (7): TH:2
2015-01-13T04:52:07+00:00 DEBUG (7): frontend -begin
2015-01-13T04:52:07+00:00 DEBUG (7): Array
(
)

2015-01-13T04:52:07+00:00 DEBUG (7): frontend -end
2015-01-13T04:57:42+00:00 DEBUG (7): frontend -begin
2015-01-13T04:57:42+00:00 DEBUG (7): Array
(
)

2015-01-13T04:57:42+00:00 DEBUG (7): frontend -end
2015-01-13T04:58:07+00:00 DEBUG (7): frontend -begin
2015-01-13T04:58:07+00:00 DEBUG (7): Array
(
)

2015-01-13T04:58:07+00:00 DEBUG (7): frontend -end
2015-01-13T04:59:11+00:00 DEBUG (7): frontend -begin
2015-01-13T04:59:11+00:00 DEBUG (7): Array
(
)

2015-01-13T04:59:11+00:00 DEBUG (7): frontend -end
2015-01-13T04:59:27+00:00 DEBUG (7): frontend -begin
2015-01-13T04:59:27+00:00 DEBUG (7): Array
(
)

2015-01-13T04:59:27+00:00 DEBUG (7): frontend -end
2015-01-13T04:59:45+00:00 DEBUG (7): frontend -begin
2015-01-13T04:59:45+00:00 DEBUG (7): Array
(
)

2015-01-13T04:59:45+00:00 DEBUG (7): frontend -end
2015-01-13T05:00:30+00:00 DEBUG (7): frontend -begin
2015-01-13T05:00:30+00:00 DEBUG (7): Array
(
)

2015-01-13T05:00:30+00:00 DEBUG (7): frontend -end
2015-01-13T05:06:20+00:00 DEBUG (7): frontend -begin
2015-01-13T05:06:20+00:00 DEBUG (7): Array
(
)

2015-01-13T05:06:20+00:00 DEBUG (7): frontend -end
2015-01-13T05:06:30+00:00 DEBUG (7): frontend -begin
2015-01-13T05:06:30+00:00 DEBUG (7): Array
(
)

2015-01-13T05:06:30+00:00 DEBUG (7): frontend -end
2015-01-13T05:35:44+00:00 DEBUG (7): frontend -begin
2015-01-13T05:35:44+00:00 DEBUG (7): Array
(
)

2015-01-13T05:35:44+00:00 DEBUG (7): frontend -end
2015-01-13T05:35:53+00:00 DEBUG (7): frontend -begin
2015-01-13T05:35:53+00:00 DEBUG (7): Array
(
)

2015-01-13T05:35:53+00:00 DEBUG (7): frontend -end
2015-01-13T05:35:58+00:00 DEBUG (7): frontend -begin
2015-01-13T05:35:58+00:00 DEBUG (7): Array
(
)

2015-01-13T05:35:58+00:00 DEBUG (7): frontend -end
2015-01-13T05:36:02+00:00 DEBUG (7): frontend -begin
2015-01-13T05:36:02+00:00 DEBUG (7): Array
(
)

2015-01-13T05:36:02+00:00 DEBUG (7): frontend -end
2015-01-13T05:36:05+00:00 DEBUG (7): frontend -begin
2015-01-13T05:36:05+00:00 DEBUG (7): Array
(
)

2015-01-13T05:36:05+00:00 DEBUG (7): frontend -end
2015-01-13T05:36:59+00:00 DEBUG (7): frontend -begin
2015-01-13T05:36:59+00:00 DEBUG (7): Array
(
)

2015-01-13T05:36:59+00:00 DEBUG (7): frontend -end
2015-01-13T05:37:06+00:00 DEBUG (7): frontend -begin
2015-01-13T05:37:06+00:00 DEBUG (7): Array
(
)

2015-01-13T05:37:06+00:00 DEBUG (7): frontend -end
2015-01-13T05:37:09+00:00 DEBUG (7): frontend -begin
2015-01-13T05:37:09+00:00 DEBUG (7): Array
(
)

2015-01-13T05:37:09+00:00 DEBUG (7): frontend -end
2015-01-13T05:37:12+00:00 DEBUG (7): frontend -begin
2015-01-13T05:37:12+00:00 DEBUG (7): Array
(
)

2015-01-13T05:37:12+00:00 DEBUG (7): frontend -end
2015-01-13T05:37:15+00:00 DEBUG (7): frontend -begin
2015-01-13T05:37:15+00:00 DEBUG (7): Array
(
)

2015-01-13T05:37:15+00:00 DEBUG (7): frontend -end
2015-01-13T05:37:18+00:00 DEBUG (7): frontend -begin
2015-01-13T05:37:18+00:00 DEBUG (7): Array
(
)

2015-01-13T05:37:18+00:00 DEBUG (7): frontend -end
2015-01-13T05:37:40+00:00 DEBUG (7): frontend -begin
2015-01-13T05:37:40+00:00 DEBUG (7): Array
(
)

2015-01-13T05:37:40+00:00 DEBUG (7): frontend -end
2015-01-13T05:37:45+00:00 DEBUG (7): frontend -begin
2015-01-13T05:37:45+00:00 DEBUG (7): Array
(
)

2015-01-13T05:37:45+00:00 DEBUG (7): frontend -end
2015-01-13T05:37:49+00:00 DEBUG (7): frontend -begin
2015-01-13T05:37:49+00:00 DEBUG (7): Array
(
)

2015-01-13T05:37:49+00:00 DEBUG (7): frontend -end
2015-01-13T05:37:57+00:00 DEBUG (7): frontend -begin
2015-01-13T05:37:57+00:00 DEBUG (7): Array
(
)

2015-01-13T05:37:57+00:00 DEBUG (7): frontend -end
2015-01-13T05:38:20+00:00 DEBUG (7): frontend -begin
2015-01-13T05:38:20+00:00 DEBUG (7): Array
(
)

2015-01-13T05:38:20+00:00 DEBUG (7): frontend -end
2015-01-13T05:39:03+00:00 DEBUG (7): frontend -begin
2015-01-13T05:39:03+00:00 DEBUG (7): Array
(
)

2015-01-13T05:39:03+00:00 DEBUG (7): frontend -end
2015-01-13T05:39:29+00:00 DEBUG (7): frontend -begin
2015-01-13T05:39:29+00:00 DEBUG (7): Array
(
)

2015-01-13T05:39:29+00:00 DEBUG (7): frontend -end
2015-01-13T05:40:31+00:00 DEBUG (7): frontend -begin
2015-01-13T05:40:31+00:00 DEBUG (7): Array
(
)

2015-01-13T05:40:31+00:00 DEBUG (7): frontend -end
2015-01-13T05:40:35+00:00 DEBUG (7): frontend -begin
2015-01-13T05:40:35+00:00 DEBUG (7): Array
(
)

2015-01-13T05:40:35+00:00 DEBUG (7): frontend -end
2015-01-13T05:40:41+00:00 DEBUG (7): frontend -begin
2015-01-13T05:40:41+00:00 DEBUG (7): Array
(
)

2015-01-13T05:40:41+00:00 DEBUG (7): frontend -end
2015-01-13T05:40:47+00:00 DEBUG (7): frontend -begin
2015-01-13T05:40:47+00:00 DEBUG (7): Array
(
)

2015-01-13T05:40:47+00:00 DEBUG (7): frontend -end
2015-01-13T05:43:28+00:00 DEBUG (7): frontend -begin
2015-01-13T05:43:28+00:00 DEBUG (7): Array
(
)

2015-01-13T05:43:28+00:00 DEBUG (7): frontend -end
2015-01-13T05:43:37+00:00 DEBUG (7): frontend -begin
2015-01-13T05:43:37+00:00 DEBUG (7): Array
(
)

2015-01-13T05:43:37+00:00 DEBUG (7): frontend -end
2015-01-13T05:46:02+00:00 DEBUG (7): frontend -begin
2015-01-13T05:46:02+00:00 DEBUG (7): Array
(
)

2015-01-13T05:46:02+00:00 DEBUG (7): frontend -end
2015-01-13T05:47:23+00:00 DEBUG (7): frontend -begin
2015-01-13T05:47:23+00:00 DEBUG (7): Array
(
)

2015-01-13T05:47:23+00:00 DEBUG (7): frontend -end
2015-01-13T05:48:23+00:00 DEBUG (7): frontend -begin
2015-01-13T05:48:23+00:00 DEBUG (7): Array
(
)

2015-01-13T05:48:23+00:00 DEBUG (7): frontend -end
2015-01-13T05:48:32+00:00 DEBUG (7): frontend -begin
2015-01-13T05:48:32+00:00 DEBUG (7): Array
(
)

2015-01-13T05:48:32+00:00 DEBUG (7): frontend -end
2015-01-13T05:48:36+00:00 DEBUG (7): frontend -begin
2015-01-13T05:48:36+00:00 DEBUG (7): Array
(
)

2015-01-13T05:48:36+00:00 DEBUG (7): frontend -end
2015-01-13T05:51:58+00:00 DEBUG (7): frontend -begin
2015-01-13T05:51:58+00:00 DEBUG (7): Array
(
)

2015-01-13T05:51:58+00:00 DEBUG (7): frontend -end
2015-01-13T05:52:08+00:00 DEBUG (7): frontend -begin
2015-01-13T05:52:08+00:00 DEBUG (7): Array
(
)

2015-01-13T05:52:08+00:00 DEBUG (7): frontend -end
2015-01-13T05:54:38+00:00 DEBUG (7): frontend -begin
2015-01-13T05:54:38+00:00 DEBUG (7): Array
(
)

2015-01-13T05:54:38+00:00 DEBUG (7): frontend -end
2015-01-13T05:54:47+00:00 DEBUG (7): frontend -begin
2015-01-13T05:54:47+00:00 DEBUG (7): Array
(
)

2015-01-13T05:54:47+00:00 DEBUG (7): frontend -end
2015-01-13T05:58:42+00:00 DEBUG (7): frontend -begin
2015-01-13T05:58:42+00:00 DEBUG (7): Array
(
)

2015-01-13T05:58:42+00:00 DEBUG (7): frontend -end
2015-01-13T05:58:50+00:00 DEBUG (7): frontend -begin
2015-01-13T05:58:50+00:00 DEBUG (7): Array
(
)

2015-01-13T05:58:50+00:00 DEBUG (7): frontend -end
2015-01-13T06:01:50+00:00 DEBUG (7): frontend -begin
2015-01-13T06:01:50+00:00 DEBUG (7): Array
(
)

2015-01-13T06:01:50+00:00 DEBUG (7): frontend -end
2015-01-13T06:01:56+00:00 DEBUG (7): frontend -begin
2015-01-13T06:01:56+00:00 DEBUG (7): Array
(
)

2015-01-13T06:01:56+00:00 DEBUG (7): frontend -end
2015-01-13T06:01:58+00:00 DEBUG (7): frontend -begin
2015-01-13T06:01:58+00:00 DEBUG (7): Array
(
)

2015-01-13T06:01:58+00:00 DEBUG (7): frontend -end
2015-01-13T06:04:21+00:00 DEBUG (7): frontend -begin
2015-01-13T06:04:21+00:00 DEBUG (7): Array
(
)

2015-01-13T06:04:21+00:00 DEBUG (7): frontend -end
2015-01-13T06:04:28+00:00 DEBUG (7): frontend -begin
2015-01-13T06:04:28+00:00 DEBUG (7): Array
(
)

2015-01-13T06:04:28+00:00 DEBUG (7): frontend -end
2015-01-13T06:04:35+00:00 DEBUG (7): frontend -begin
2015-01-13T06:04:35+00:00 DEBUG (7): Array
(
)

2015-01-13T06:04:35+00:00 DEBUG (7): frontend -end
2015-01-13T06:04:47+00:00 DEBUG (7): frontend -begin
2015-01-13T06:04:47+00:00 DEBUG (7): Array
(
)

2015-01-13T06:04:47+00:00 DEBUG (7): frontend -end
2015-01-13T06:53:27+00:00 DEBUG (7): frontend -begin
2015-01-13T06:53:27+00:00 DEBUG (7): Array
(
)

2015-01-13T06:53:27+00:00 DEBUG (7): frontend -end
2015-01-13T06:54:18+00:00 DEBUG (7): frontend -begin
2015-01-13T06:54:18+00:00 DEBUG (7): Array
(
)

2015-01-13T06:54:18+00:00 DEBUG (7): frontend -end
2015-01-13T06:55:10+00:00 DEBUG (7): frontend -begin
2015-01-13T06:55:10+00:00 DEBUG (7): Array
(
)

2015-01-13T06:55:10+00:00 DEBUG (7): frontend -end
2015-01-13T06:55:46+00:00 DEBUG (7): frontend -begin
2015-01-13T06:55:46+00:00 DEBUG (7): Array
(
)

2015-01-13T06:55:46+00:00 DEBUG (7): frontend -end
2015-01-13T06:56:02+00:00 DEBUG (7): frontend -begin
2015-01-13T06:56:02+00:00 DEBUG (7): Array
(
)

2015-01-13T06:56:02+00:00 DEBUG (7): frontend -end
2015-01-13T06:56:12+00:00 DEBUG (7): frontend -begin
2015-01-13T06:56:12+00:00 DEBUG (7): Array
(
)

2015-01-13T06:56:12+00:00 DEBUG (7): frontend -end
2015-01-13T06:56:19+00:00 DEBUG (7): frontend -begin
2015-01-13T06:56:19+00:00 DEBUG (7): Array
(
)

2015-01-13T06:56:19+00:00 DEBUG (7): frontend -end
2015-01-13T06:56:41+00:00 DEBUG (7): frontend -begin
2015-01-13T06:56:41+00:00 DEBUG (7): Array
(
)

2015-01-13T06:56:41+00:00 DEBUG (7): frontend -end
2015-01-13T07:02:44+00:00 DEBUG (7): frontend -begin
2015-01-13T07:02:44+00:00 DEBUG (7): Array
(
)

2015-01-13T07:02:44+00:00 DEBUG (7): frontend -end
2015-01-13T07:02:51+00:00 DEBUG (7): frontend -begin
2015-01-13T07:02:51+00:00 DEBUG (7): Array
(
)

2015-01-13T07:02:51+00:00 DEBUG (7): frontend -end
2015-01-13T07:03:28+00:00 DEBUG (7): frontend -begin
2015-01-13T07:03:28+00:00 DEBUG (7): Array
(
)

2015-01-13T07:03:28+00:00 DEBUG (7): frontend -end
2015-01-13T07:09:10+00:00 DEBUG (7): frontend -begin
2015-01-13T07:09:10+00:00 DEBUG (7): Array
(
)

2015-01-13T07:09:10+00:00 DEBUG (7): frontend -end
2015-01-13T07:09:14+00:00 DEBUG (7): frontend -begin
2015-01-13T07:09:14+00:00 DEBUG (7): Array
(
)

2015-01-13T07:09:14+00:00 DEBUG (7): frontend -end
2015-01-13T07:09:16+00:00 DEBUG (7): frontend -begin
2015-01-13T07:09:16+00:00 DEBUG (7): Array
(
)

2015-01-13T07:09:16+00:00 DEBUG (7): frontend -end
2015-01-13T07:09:33+00:00 DEBUG (7): frontend -begin
2015-01-13T07:09:33+00:00 DEBUG (7): Array
(
)

2015-01-13T07:09:33+00:00 DEBUG (7): frontend -end
2015-01-13T07:09:53+00:00 DEBUG (7): frontend -begin
2015-01-13T07:09:53+00:00 DEBUG (7): Array
(
)

2015-01-13T07:09:53+00:00 DEBUG (7): frontend -end
2015-01-13T07:10:48+00:00 DEBUG (7): frontend -begin
2015-01-13T07:10:48+00:00 DEBUG (7): Array
(
)

2015-01-13T07:10:48+00:00 DEBUG (7): frontend -end
2015-01-13T07:10:52+00:00 DEBUG (7): frontend -begin
2015-01-13T07:10:52+00:00 DEBUG (7): Array
(
)

2015-01-13T07:10:52+00:00 DEBUG (7): frontend -end
2015-01-13T07:10:56+00:00 DEBUG (7): frontend -begin
2015-01-13T07:10:56+00:00 DEBUG (7): Array
(
)

2015-01-13T07:10:56+00:00 DEBUG (7): frontend -end
2015-01-13T07:13:23+00:00 DEBUG (7): frontend -begin
2015-01-13T07:13:23+00:00 DEBUG (7): Array
(
)

2015-01-13T07:13:23+00:00 DEBUG (7): frontend -end
2015-01-13T08:24:12+00:00 DEBUG (7): frontend -begin
2015-01-13T08:24:12+00:00 DEBUG (7): Array
(
)

2015-01-13T08:24:12+00:00 DEBUG (7): frontend -end
2015-01-13T08:24:23+00:00 DEBUG (7): frontend -begin
2015-01-13T08:24:23+00:00 DEBUG (7): Array
(
)

2015-01-13T08:24:23+00:00 DEBUG (7): frontend -end
2015-01-13T08:24:36+00:00 DEBUG (7): frontend -begin
2015-01-13T08:24:36+00:00 DEBUG (7): Array
(
)

2015-01-13T08:24:36+00:00 DEBUG (7): frontend -end
2015-01-14T08:34:02+00:00 DEBUG (7): frontend -begin
2015-01-14T08:34:02+00:00 DEBUG (7): Array
(
)

2015-01-14T08:34:02+00:00 DEBUG (7): frontend -end
2015-01-14T08:34:25+00:00 DEBUG (7): frontend -begin
2015-01-14T08:34:25+00:00 DEBUG (7): Array
(
)

2015-01-14T08:34:25+00:00 DEBUG (7): frontend -end
2015-01-14T08:34:44+00:00 DEBUG (7): frontend -begin
2015-01-14T08:34:44+00:00 DEBUG (7): Array
(
)

2015-01-14T08:34:44+00:00 DEBUG (7): frontend -end
2015-01-14T08:40:30+00:00 DEBUG (7): frontend -begin
2015-01-14T08:40:30+00:00 DEBUG (7): Array
(
)

2015-01-14T08:40:30+00:00 DEBUG (7): frontend -end
2015-01-14T08:52:35+00:00 DEBUG (7): frontend -begin
2015-01-14T08:52:35+00:00 DEBUG (7): Array
(
)

2015-01-14T08:52:35+00:00 DEBUG (7): frontend -end
2015-01-14T08:52:49+00:00 DEBUG (7): frontend -begin
2015-01-14T08:52:49+00:00 DEBUG (7): Array
(
)

2015-01-14T08:52:49+00:00 DEBUG (7): frontend -end
2015-01-14T08:53:10+00:00 DEBUG (7): frontend -begin
2015-01-14T08:53:10+00:00 DEBUG (7): Array
(
)

2015-01-14T08:53:10+00:00 DEBUG (7): frontend -end
2015-01-14T08:53:31+00:00 DEBUG (7): frontend -begin
2015-01-14T08:53:31+00:00 DEBUG (7): Array
(
)

2015-01-14T08:53:31+00:00 DEBUG (7): frontend -end
2015-01-14T09:21:33+00:00 DEBUG (7): TH:1
2015-01-14T09:21:33+00:00 DEBUG (7): TH:2
2015-01-14T09:21:40+00:00 DEBUG (7): frontend -begin
2015-01-14T09:21:40+00:00 DEBUG (7): Array
(
    [utm_medium] => cpc
)

2015-01-14T09:21:40+00:00 DEBUG (7): frontend -end
2015-01-14T09:21:47+00:00 DEBUG (7): frontend -begin
2015-01-14T09:21:47+00:00 DEBUG (7): Array
(
    [utm_medium] => cpc
)

2015-01-14T09:21:47+00:00 DEBUG (7): frontend -end
2015-01-14T09:21:51+00:00 DEBUG (7): frontend -begin
2015-01-14T09:21:51+00:00 DEBUG (7): Array
(
    [utm_medium] => cpc
)

2015-01-14T09:21:51+00:00 DEBUG (7): frontend -end
